Build started 10/4/2015 9:09:46 PM.
     1>Project "C:\psc\PSCBioOffice\FingersExtractionMatching\FingersExtractionMatching.vcxproj" on node 2 (rebuild target(s)).
     1>_PrepareForClean:
         Deleting file "Debug\Matcher.lastbuildstate".
       InitializeBuildStatus:
         Creating "Debug\Matcher.unsuccessfulbuild" because "AlwaysCreate" was specified.
       ClCompile:
         C:\Program Files (x86)\Microsoft Visual Studio 10.0\VC\bin\CL.exe /c /I"C:\Program Files (x86)\Neurotechnology\VeriFinger 6.2\Include\Windows" /ZI /nologo /W3 /WX- /Od /Oy- /D WIN32 /D _DEBUG /D _CONSOLE /D _UNICODE /D UNICODE /Gm /EHsc /RTC1 /MTd /GS /fp:precise /Zc:wchar_t /Zc:forScope /Yc"StdAfx.h" /Fp"Debug\Matcher.pch" /Fo"Debug\\" /Fd"Debug\vc100.pdb" /Gd /TP /analyze- /errorReport:prompt stdafx.cpp
         stdafx.cpp
         C:\Program Files (x86)\Microsoft Visual Studio 10.0\VC\bin\CL.exe /c /I"C:\Program Files (x86)\Neurotechnology\VeriFinger 6.2\Include\Windows" /ZI /nologo /W3 /WX- /Od /Oy- /D WIN32 /D _DEBUG /D _CONSOLE /D _UNICODE /D UNICODE /Gm /EHsc /RTC1 /MTd /GS /fp:precise /Zc:wchar_t /Zc:forScope /Yu"StdAfx.h" /Fp"Debug\Matcher.pch" /Fo"Debug\\" /Fd"Debug\vc100.pdb" /Gd /TP /analyze- /errorReport:prompt Matcher.cpp
         Matcher.cpp
         C:\Program Files (x86)\Microsoft Visual Studio 10.0\VC\bin\CL.exe /c /I"C:\Program Files (x86)\Neurotechnology\VeriFinger 6.2\Include\Windows" /ZI /nologo /W3 /WX- /Od /Oy- /D WIN32 /D _DEBUG /D _CONSOLE /D _UNICODE /D UNICODE /Gm /EHsc /RTC1 /MTd /GS /fp:precise /Zc:wchar_t /Zc:forScope /Fo"Debug\\" /Fd"Debug\vc100.pdb" /Gd /TC /analyze- /errorReport:prompt Utils.c
         Utils.c
       Lib:
         C:\Program Files (x86)\Microsoft Visual Studio 10.0\VC\bin\Lib.exe /OUT:"C:\Program Files (x86)\Neurotechnology\VeriFinger 6.2\Bin\Win32_x86\Matcher.lib" /NOLOGO Debug\Matcher.obj
         Debug\stdafx.obj
         Debug\Utils.obj
         FingersExtractionMatching.vcxproj -> C:\Program Files (x86)\Neurotechnology\VeriFinger 6.2\Bin\Win32_x86\Matcher.lib
       FinalizeBuildStatus:
         Deleting file "Debug\Matcher.unsuccessfulbuild".
         Touching "Debug\Matcher.lastbuildstate".
     1>Done Building Project "C:\psc\PSCBioOffice\FingersExtractionMatching\FingersExtractionMatching.vcxproj" (rebuild target(s)).

Build succeeded.

Time Elapsed 00:00:01.45
