Build started 10/13/2015 2:34:14 PM.
     1>Project "C:\psc\PSCBioOffice\Matcher\Matcher.vcxproj" on node 2 (rebuild target(s)).
     1>_PrepareForClean:
         Deleting file "Debug\Matcher.lastbuildstate".
       InitializeBuildStatus:
         Touching "Debug\Matcher.unsuccessfulbuild".
       ClCompile:
         C:\Program Files (x86)\Microsoft Visual Studio 10.0\VC\bin\CL.exe /c /I"C:\Program Files (x86)\Neurotechnology\VeriFinger 6.2\Include\Windows" /ZI /nologo /W3 /WX- /Od /Oy- /D WIN32 /D _DEBUG /D _CONSOLE /D _WINDLL /D _UNICODE /D UNICODE /Gm /EHsc /RTC1 /MTd /GS /fp:precise /Zc:wchar_t /Zc:forScope /Yc"StdAfx.h" /Fp"Debug\Matcher.pch" /Fo"Debug\\" /Fd"Debug\vc100.pdb" /Gd /TP /analyze- /errorReport:prompt stdafx.cpp
         stdafx.cpp
         C:\Program Files (x86)\Microsoft Visual Studio 10.0\VC\bin\CL.exe /c /I"C:\Program Files (x86)\Neurotechnology\VeriFinger 6.2\Include\Windows" /ZI /nologo /W3 /WX- /Od /Oy- /D WIN32 /D _DEBUG /D _CONSOLE /D _WINDLL /D _UNICODE /D UNICODE /Gm /EHsc /RTC1 /MTd /GS /fp:precise /Zc:wchar_t /Zc:forScope /Fo"Debug\\" /Fd"Debug\vc100.pdb" /Gd /TP /analyze- /errorReport:prompt Matcher.cpp
         Matcher.cpp
         C:\Program Files (x86)\Microsoft Visual Studio 10.0\VC\bin\CL.exe /c /I"C:\Program Files (x86)\Neurotechnology\VeriFinger 6.2\Include\Windows" /ZI /nologo /W3 /WX- /Od /Oy- /D WIN32 /D _DEBUG /D _CONSOLE /D _WINDLL /D _UNICODE /D UNICODE /Gm /EHsc /RTC1 /MTd /GS /fp:precise /Zc:wchar_t /Zc:forScope /Fo"Debug\\" /Fd"Debug\vc100.pdb" /Gd /TC /analyze- /errorReport:prompt Utils.c
         Utils.c
       ManifestResourceCompile:
         C:\Program Files (x86)\Microsoft SDKs\Windows\v7.0A\bin\rc.exe /nologo /fo"Debug\Matcher.dll.embed.manifest.res" Debug\Matcher_manifest.rc 
       Link:
         C:\Program Files (x86)\Microsoft Visual Studio 10.0\VC\bin\link.exe /ERRORREPORT:PROMPT /OUT:"..\PSCBioIdentification\bin\Debug\Matcher.dll" /INCREMENTAL /NOLOGO /LIBPATH:"C:\Program Files (x86)\Neurotechnology\VeriFinger 6.2\Lib\Win32_x86" NCore.dll.lib NImages.dll.lib NTemplates.dll.lib NExtractors.dll.lib NMatchers.dll.lib NLicensing.dll.lib NDeviceManager.dll.lib kernel32.lib user32.lib gdi32.lib winspool.lib comdlg32.lib advapi32.lib shell32.lib ole32.lib oleaut32.lib uuid.lib odbc32.lib odbccp32.lib /MANIFEST /ManifestFile:"Debug\Matcher.dll.intermediate.manifest" /MANIFESTUAC:"level='asInvoker' uiAccess='false'" /DEBUG /PDB:"C:\psc\PSCBioOffice\PSCBioIdentification\bin\Debug\Matcher.pdb" /SUBSYSTEM:CONSOLE /TLBID:1 /DYNAMICBASE /NXCOMPAT /IMPLIB:"..\PSCBioIdentification\bin\Debug\Matcher.lib" /MACHINE:X86 /DLL Debug\Matcher.dll.embed.manifest.res
         Debug\Matcher.obj
         Debug\stdafx.obj
         Debug\Utils.obj
            Creating library ..\PSCBioIdentification\bin\Debug\Matcher.lib and object ..\PSCBioIdentification\bin\Debug\Matcher.exp
       Manifest:
         Deleting file "Debug\Matcher.dll.embed.manifest".
         C:\Program Files (x86)\Microsoft SDKs\Windows\v7.0A\bin\mt.exe /nologo /verbose /out:"Debug\Matcher.dll.embed.manifest" /manifest Debug\Matcher.dll.intermediate.manifest
         C:\Program Files (x86)\Microsoft SDKs\Windows\v7.0A\bin\rc.exe /nologo /fo"Debug\Matcher.dll.embed.manifest.res" Debug\Matcher_manifest.rc 
       LinkEmbedManifest:
         C:\Program Files (x86)\Microsoft Visual Studio 10.0\VC\bin\link.exe /ERRORREPORT:PROMPT /OUT:"..\PSCBioIdentification\bin\Debug\Matcher.dll" /INCREMENTAL /NOLOGO /LIBPATH:"C:\Program Files (x86)\Neurotechnology\VeriFinger 6.2\Lib\Win32_x86" NCore.dll.lib NImages.dll.lib NTemplates.dll.lib NExtractors.dll.lib NMatchers.dll.lib NLicensing.dll.lib NDeviceManager.dll.lib kernel32.lib user32.lib gdi32.lib winspool.lib comdlg32.lib advapi32.lib shell32.lib ole32.lib oleaut32.lib uuid.lib odbc32.lib odbccp32.lib /MANIFEST /ManifestFile:"Debug\Matcher.dll.intermediate.manifest" /MANIFESTUAC:"level='asInvoker' uiAccess='false'" /DEBUG /PDB:"C:\psc\PSCBioOffice\PSCBioIdentification\bin\Debug\Matcher.pdb" /SUBSYSTEM:CONSOLE /TLBID:1 /DYNAMICBASE /NXCOMPAT /IMPLIB:"..\PSCBioIdentification\bin\Debug\Matcher.lib" /MACHINE:X86 /DLL Debug\Matcher.dll.embed.manifest.res
         Debug\Matcher.obj
         Debug\stdafx.obj
         Debug\Utils.obj
            Creating library ..\PSCBioIdentification\bin\Debug\Matcher.lib and object ..\PSCBioIdentification\bin\Debug\Matcher.exp
         Matcher.vcxproj -> C:\psc\PSCBioOffice\Matcher\..\PSCBioIdentification\bin\Debug\Matcher.dll
       FinalizeBuildStatus:
         Deleting file "Debug\Matcher.unsuccessfulbuild".
         Touching "Debug\Matcher.lastbuildstate".
     1>Done Building Project "C:\psc\PSCBioOffice\Matcher\Matcher.vcxproj" (rebuild target(s)).

Build succeeded.

Time Elapsed 00:00:01.97
