Build started 10/4/2015 9:55:34 AM.
     1>Project "C:\psc\PSCBioOffice\FingersExtractionMatching\FingersExtractionMatching.vcxproj" on node 2 (rebuild target(s)).
     1>_PrepareForClean:
         Deleting file "x64\Release\FingersExtractionMatching.lastbuildstate".
       InitializeBuildStatus:
         Creating "x64\Release\FingersExtractionMatching.unsuccessfulbuild" because "AlwaysCreate" was specified.
       ClCompile:
         C:\Program Files (x86)\Microsoft Visual Studio 10.0\VC\bin\x86_amd64\CL.exe /c /I"C:\Program Files (x86)\Neurotechnology\VeriFinger 6.2\Include\Windows" /Zi /nologo /W3 /WX- /O2 /Oi /GL /D WIN32 /D NDEBUG /D _CONSOLE /D _UNICODE /D UNICODE /Gm- /EHsc /MD /GS /Gy /fp:precise /Zc:wchar_t /Zc:forScope /Yc"StdAfx.h" /Fp"x64\Release\FingersExtractionMatching.pch" /Fo"x64\Release\\" /Fd"x64\Release\vc100.pdb" /Gd /TP /errorReport:prompt stdafx.cpp
         stdafx.cpp
         C:\Program Files (x86)\Microsoft Visual Studio 10.0\VC\bin\x86_amd64\CL.exe /c /I"C:\Program Files (x86)\Neurotechnology\VeriFinger 6.2\Include\Windows" /Zi /nologo /W3 /WX- /O2 /Oi /GL /D WIN32 /D NDEBUG /D _CONSOLE /D _UNICODE /D UNICODE /Gm- /EHsc /MD /GS /Gy /fp:precise /Zc:wchar_t /Zc:forScope /Yu"StdAfx.h" /Fp"x64\Release\FingersExtractionMatching.pch" /Fo"x64\Release\\" /Fd"x64\Release\vc100.pdb" /Gd /TP /errorReport:prompt FingersExtractionMatching.cpp ServiceListener.cpp
         FingersExtractionMatching.cpp
         ServiceListener.cpp
         C:\Program Files (x86)\Microsoft Visual Studio 10.0\VC\bin\x86_amd64\CL.exe /c /I"C:\Program Files (x86)\Neurotechnology\VeriFinger 6.2\Include\Windows" /Zi /nologo /W3 /WX- /O2 /Oi /GL /D WIN32 /D NDEBUG /D _CONSOLE /D _UNICODE /D UNICODE /Gm- /EHsc /MD /GS /Gy /fp:precise /Zc:wchar_t /Zc:forScope /Fo"x64\Release\\" /Fd"x64\Release\vc100.pdb" /Gd /TC /errorReport:prompt Utils.c
         Utils.c
       Link:
         C:\Program Files (x86)\Microsoft Visual Studio 10.0\VC\bin\x86_amd64\link.exe /ERRORREPORT:PROMPT /OUT:"C:\Program Files (x86)\Neurotechnology\VeriFinger 6.2\Bin\Win64_x64\FingersExtractionMatching.exe" /INCREMENTAL:NO /NOLOGO /LIBPATH:"C:\Program Files (x86)\Neurotechnology\VeriFinger 6.2\Lib\Win64_x64" NCore.dll.lib NImages.dll.lib NTemplates.dll.lib NExtractors.dll.lib NMatchers.dll.lib NLicensing.dll.lib NDeviceManager.dll.lib kernel32.lib user32.lib gdi32.lib winspool.lib comdlg32.lib advapi32.lib shell32.lib ole32.lib oleaut32.lib uuid.lib odbc32.lib odbccp32.lib /MANIFEST /ManifestFile:"x64\Release\FingersExtractionMatching.exe.intermediate.manifest" /MANIFESTUAC:"level='asInvoker' uiAccess='false'" /DEBUG /PDB:"C:\Program Files (x86)\Neurotechnology\VeriFinger 6.2\Bin\Win64_x64\FingersExtractionMatching.pdb" /SUBSYSTEM:CONSOLE /OPT:REF /OPT:ICF /LTCG /TLBID:1 /DYNAMICBASE /NXCOMPAT /IMPLIB:"C:\Program Files (x86)\Neurotechnology\VeriFinger 6.2\Bin\Win64_x64\FingersExtractionMatching.lib" /MACHINE:X64 x64\Release\FingersExtractionMatching.obj
         x64\Release\ServiceListener.obj
         x64\Release\stdafx.obj
         x64\Release\Utils.obj
         Generating code
         Finished generating code
         FingersExtractionMatching.vcxproj -> C:\Program Files (x86)\Neurotechnology\VeriFinger 6.2\Bin\Win64_x64\FingersExtractionMatching.exe
       Manifest:
         C:\Program Files (x86)\Microsoft SDKs\Windows\v7.0A\bin\mt.exe /nologo /verbose /outputresource:"C:\Program Files (x86)\Neurotechnology\VeriFinger 6.2\Bin\Win64_x64\FingersExtractionMatching.exe;#1" /manifest x64\Release\FingersExtractionMatching.exe.intermediate.manifest
       FinalizeBuildStatus:
         Deleting file "x64\Release\FingersExtractionMatching.unsuccessfulbuild".
         Touching "x64\Release\FingersExtractionMatching.lastbuildstate".
     1>Done Building Project "C:\psc\PSCBioOffice\FingersExtractionMatching\FingersExtractionMatching.vcxproj" (rebuild target(s)).

Build succeeded.

Time Elapsed 00:00:03.32
