C:\MICROSOFTPROJECTS\CPP\FINGERSEXTRACTIONMATCHING\X64\RELEASE\FINGERSEXTRACTIONMATCHING.OBJ
C:\MICROSOFTPROJECTS\CPP\FINGERSEXTRACTIONMATCHING\X64\RELEASE\FINGERSEXTRACTIONMATCHING.PCH
C:\MICROSOFTPROJECTS\CPP\FINGERSEXTRACTIONMATCHING\X64\RELEASE\SERVICELISTENER.OBJ
C:\MICROSOFTPROJECTS\CPP\FINGERSEXTRACTIONMATCHING\X64\RELEASE\STDAFX.OBJ
C:\MICROSOFTPROJECTS\CPP\FINGERSEXTRACTIONMATCHING\X64\RELEASE\UTILS.OBJ
C:\MICROSOFTPROJECTS\CPP\FINGERSEXTRACTIONMATCHING\X64\RELEASE\VC100.PDB
C:\PROGRAM FILES (X86)\NEUROTECHNOLOGY\VERIFINGER 6.2\BIN\WIN64_X64\FINGERSEXTRACTIONMATCHING.EXE
C:\PROGRAM FILES (X86)\NEUROTECHNOLOGY\VERIFINGER 6.2\BIN\WIN64_X64\FINGERSEXTRACTIONMATCHING.PDB
C:\psc\PSCBioOffice\FingersExtractionMatching\x64\Release\cl.command.1.tlog
C:\psc\PSCBioOffice\FingersExtractionMatching\x64\Release\CL.read.1.tlog
C:\psc\PSCBioOffice\FingersExtractionMatching\x64\Release\CL.write.1.tlog
C:\PSC\PSCBIOOFFICE\FINGERSEXTRACTIONMATCHING\X64\RELEASE\FINGERSEXTRACTIONMATCHING.EXE.INTERMEDIATE.MANIFEST
C:\PSC\PSCBIOOFFICE\FINGERSEXTRACTIONMATCHING\X64\RELEASE\FINGERSEXTRACTIONMATCHING.OBJ
C:\PSC\PSCBIOOFFICE\FINGERSEXTRACTIONMATCHING\X64\RELEASE\FINGERSEXTRACTIONMATCHING.PCH
C:\psc\PSCBioOffice\FingersExtractionMatching\x64\Release\FingersExtractionMatching.vcxprojResolveAssemblyReference.cache
C:\psc\PSCBioOffice\FingersExtractionMatching\x64\Release\FingersExtractionMatching.write.1.tlog
C:\psc\PSCBioOffice\FingersExtractionMatching\x64\Release\link.command.1.tlog
C:\psc\PSCBioOffice\FingersExtractionMatching\x64\Release\link.read.1.tlog
C:\psc\PSCBioOffice\FingersExtractionMatching\x64\Release\link.write.1.tlog
C:\psc\PSCBioOffice\FingersExtractionMatching\x64\Release\mt.command.1.tlog
C:\psc\PSCBioOffice\FingersExtractionMatching\x64\Release\mt.read.1.tlog
C:\psc\PSCBioOffice\FingersExtractionMatching\x64\Release\mt.write.1.tlog
C:\PSC\PSCBIOOFFICE\FINGERSEXTRACTIONMATCHING\X64\RELEASE\SERVICELISTENER.OBJ
C:\PSC\PSCBIOOFFICE\FINGERSEXTRACTIONMATCHING\X64\RELEASE\STDAFX.OBJ
C:\PSC\PSCBIOOFFICE\FINGERSEXTRACTIONMATCHING\X64\RELEASE\UTILS.OBJ
C:\PSC\PSCBIOOFFICE\FINGERSEXTRACTIONMATCHING\X64\RELEASE\VC100.PDB
