Build started 10/13/2015 2:54:07 PM.
     1>Project "C:\psc\PSCBioOffice\Lookup\Lookup.vcxproj" on node 2 (rebuild target(s)).
     1>_PrepareForClean:
         Deleting file "Debug\Lookup.lastbuildstate".
       InitializeBuildStatus:
         Creating "Debug\Lookup.unsuccessfulbuild" because "AlwaysCreate" was specified.
       ClCompile:
         C:\Program Files (x86)\Microsoft Visual Studio 10.0\VC\bin\CL.exe /c /I"C:\Program Files\Microsoft SQL Server\110\SDK\Include" /ZI /nologo /W3 /WX- /Od /Oy- /D WIN32 /D _DEBUG /D _WINDLL /Gm /EHsc /RTC1 /MDd /GS /fp:precise /Zc:wchar_t /Zc:forScope /Fo"Debug\\" /Fd"Debug\vc100.pdb" /Gd /TP /analyze- /errorReport:prompt Lookup.cpp Nomad.Data.cpp ODBC.cpp
         ODBC.cpp
         Nomad.Data.cpp
         Lookup.cpp
         Generating Code...
       ResourceCompile:
         C:\Program Files (x86)\Microsoft SDKs\Windows\v7.0A\bin\rc.exe /l"0x0409" /nologo /fo"Debug\app.res" app.rc 
       ManifestResourceCompile:
         C:\Program Files (x86)\Microsoft SDKs\Windows\v7.0A\bin\rc.exe /nologo /fo"Debug\Lookup.dll.embed.manifest.res" Debug\Lookup_manifest.rc 
       Link:
         C:\Program Files (x86)\Microsoft Visual Studio 10.0\VC\bin\link.exe /ERRORREPORT:PROMPT /OUT:"..\PSCBioIdentification\bin\Debug\Lookup.dll" /INCREMENTAL /NOLOGO /LIBPATH:..\PSCBioIdentification\bin\Debug "C:\Program Files\Microsoft SQL Server\110\SDK\Lib\x86\sqlncli11.lib" kernel32.lib user32.lib gdi32.lib winspool.lib comdlg32.lib advapi32.lib shell32.lib ole32.lib oleaut32.lib uuid.lib odbc32.lib odbccp32.lib /MANIFEST /ManifestFile:"Debug\Lookup.dll.intermediate.manifest" /MANIFESTUAC:"level='asInvoker' uiAccess='false'" /DEBUG /PDB:"C:\psc\PSCBioOffice\PSCBioIdentification\bin\Debug\Lookup.pdb" /TLBID:1 /DYNAMICBASE /NXCOMPAT /IMPLIB:"..\PSCBioIdentification\bin\Debug\Lookup.lib" /MACHINE:X86 /DLL Debug\app.res
         Debug\Lookup.dll.embed.manifest.res
         Debug\Lookup.obj
         Debug\Nomad.Data.obj
         Debug\ODBC.obj
            Creating library ..\PSCBioIdentification\bin\Debug\Lookup.lib and object ..\PSCBioIdentification\bin\Debug\Lookup.exp
       Manifest:
         Deleting file "Debug\Lookup.dll.embed.manifest".
         C:\Program Files (x86)\Microsoft SDKs\Windows\v7.0A\bin\mt.exe /nologo /verbose /out:"Debug\Lookup.dll.embed.manifest" /manifest Debug\Lookup.dll.intermediate.manifest
         C:\Program Files (x86)\Microsoft SDKs\Windows\v7.0A\bin\rc.exe /nologo /fo"Debug\Lookup.dll.embed.manifest.res" Debug\Lookup_manifest.rc 
       LinkEmbedManifest:
         C:\Program Files (x86)\Microsoft Visual Studio 10.0\VC\bin\link.exe /ERRORREPORT:PROMPT /OUT:"..\PSCBioIdentification\bin\Debug\Lookup.dll" /INCREMENTAL /NOLOGO /LIBPATH:..\PSCBioIdentification\bin\Debug "C:\Program Files\Microsoft SQL Server\110\SDK\Lib\x86\sqlncli11.lib" kernel32.lib user32.lib gdi32.lib winspool.lib comdlg32.lib advapi32.lib shell32.lib ole32.lib oleaut32.lib uuid.lib odbc32.lib odbccp32.lib /MANIFEST /ManifestFile:"Debug\Lookup.dll.intermediate.manifest" /MANIFESTUAC:"level='asInvoker' uiAccess='false'" /DEBUG /PDB:"C:\psc\PSCBioOffice\PSCBioIdentification\bin\Debug\Lookup.pdb" /TLBID:1 /DYNAMICBASE /NXCOMPAT /IMPLIB:"..\PSCBioIdentification\bin\Debug\Lookup.lib" /MACHINE:X86 /DLL Debug\app.res
         Debug\Lookup.dll.embed.manifest.res
         Debug\Lookup.obj
         Debug\Nomad.Data.obj
         Debug\ODBC.obj
         Lookup.vcxproj -> C:\psc\PSCBioOffice\Lookup\..\PSCBioIdentification\bin\Debug\Lookup.dll
       FinalizeBuildStatus:
         Deleting file "Debug\Lookup.unsuccessfulbuild".
         Touching "Debug\Lookup.lastbuildstate".
     1>Done Building Project "C:\psc\PSCBioOffice\Lookup\Lookup.vcxproj" (rebuild target(s)).

Build succeeded.

Time Elapsed 00:00:03.50
