..\PSCBioIdentification\bin\Debug\Lookup.ilk
..\PSCBioIdentification\bin\Debug\Lookup.pdb
C:\psc\PSCBioOffice\Lookup\..\PSCBioIdentification\bin\Debug\Lookup.dll
C:\PSC\PSCBIOOFFICE\LOOKUP\DEBUG\APP.RES
C:\psc\PSCBioOffice\Lookup\Debug\cl.command.1.tlog
C:\psc\PSCBioOffice\Lookup\Debug\CL.read.1.tlog
C:\psc\PSCBioOffice\Lookup\Debug\CL.write.1.tlog
C:\psc\PSCBioOffice\Lookup\Debug\link.command.1.tlog
C:\psc\PSCBioOffice\Lookup\Debug\link.read.1.tlog
C:\psc\PSCBioOffice\Lookup\Debug\link.write.1.tlog
C:\psc\PSCBioOffice\Lookup\Debug\link-cvtres.read.1.tlog
C:\psc\PSCBioOffice\Lookup\Debug\link-cvtres.write.1.tlog
C:\PSC\PSCBIOOFFICE\LOOKUP\DEBUG\LOOKUP.DLL.EMBED.MANIFEST
C:\PSC\PSCBIOOFFICE\LOOKUP\DEBUG\LOOKUP.DLL.EMBED.MANIFEST.RES
C:\PSC\PSCBIOOFFICE\LOOKUP\DEBUG\LOOKUP.DLL.INTERMEDIATE.MANIFEST
C:\PSC\PSCBIOOFFICE\LOOKUP\DEBUG\LOOKUP.OBJ
C:\psc\PSCBioOffice\Lookup\Debug\Lookup.write.1.tlog
C:\psc\PSCBioOffice\Lookup\Debug\Lookup_manifest.rc
C:\psc\PSCBioOffice\Lookup\Debug\mt.command.1.tlog
C:\psc\PSCBioOffice\Lookup\Debug\mt.read.1.tlog
C:\psc\PSCBioOffice\Lookup\Debug\mt.write.1.tlog
C:\PSC\PSCBIOOFFICE\LOOKUP\DEBUG\NOMAD.DATA.OBJ
C:\PSC\PSCBIOOFFICE\LOOKUP\DEBUG\ODBC.OBJ
C:\psc\PSCBioOffice\Lookup\Debug\rc.command.1.tlog
C:\psc\PSCBioOffice\Lookup\Debug\rc.read.1.tlog
C:\psc\PSCBioOffice\Lookup\Debug\rc.write.1.tlog
C:\psc\PSCBioOffice\Lookup\Debug\vc100.idb
C:\PSC\PSCBIOOFFICE\LOOKUP\DEBUG\VC100.PDB
C:\PSC\PSCBIOOFFICE\PSCBIOIDENTIFICATION\BIN\DEBUG\LOOKUP.DLL
C:\psc\PSCBioOffice\PSCBioIdentification\bin\Debug\Lookup.exp
C:\PSC\PSCBIOOFFICE\PSCBIOIDENTIFICATION\BIN\DEBUG\LOOKUP.ILK
C:\psc\PSCBioOffice\PSCBioIdentification\bin\Debug\Lookup.lib
C:\PSC\PSCBIOOFFICE\PSCBIOIDENTIFICATION\BIN\DEBUG\LOOKUP.PDB
