C:\PSC\PSCBIOOFFICE\ODBC\DEBUG\APP.RES
C:\psc\PSCBioOffice\ODBC\Debug\cl.command.1.tlog
C:\psc\PSCBioOffice\ODBC\Debug\CL.read.1.tlog
C:\psc\PSCBioOffice\ODBC\Debug\CL.write.1.tlog
C:\psc\PSCBioOffice\ODBC\Debug\link.command.1.tlog
C:\psc\PSCBioOffice\ODBC\Debug\link.read.1.tlog
C:\psc\PSCBioOffice\ODBC\Debug\link.write.1.tlog
C:\psc\PSCBioOffice\ODBC\Debug\link-cvtres.read.1.tlog
C:\psc\PSCBioOffice\ODBC\Debug\link-cvtres.write.1.tlog
C:\psc\PSCBioOffice\ODBC\Debug\Matcher.exp
C:\psc\PSCBioOffice\ODBC\Debug\Matcher.ilk
C:\psc\PSCBioOffice\ODBC\Debug\Matcher.pdb
C:\psc\PSCBioOffice\ODBC\Debug\mt.command.1.tlog
C:\psc\PSCBioOffice\ODBC\Debug\mt.read.1.tlog
C:\psc\PSCBioOffice\ODBC\Debug\mt.write.1.tlog
C:\PSC\PSCBIOOFFICE\ODBC\DEBUG\NOMAD.DATA.OBJ
C:\PSC\PSCBIOOFFICE\ODBC\DEBUG\ODBC.EXE
C:\PSC\PSCBIOOFFICE\ODBC\DEBUG\ODBC.EXE.EMBED.MANIFEST
C:\PSC\PSCBIOOFFICE\ODBC\DEBUG\ODBC.EXE.EMBED.MANIFEST.RES
C:\PSC\PSCBIOOFFICE\ODBC\DEBUG\ODBC.EXE.INTERMEDIATE.MANIFEST
C:\PSC\PSCBIOOFFICE\ODBC\DEBUG\ODBC.ILK
C:\PSC\PSCBIOOFFICE\ODBC\DEBUG\ODBC.OBJ
C:\PSC\PSCBIOOFFICE\ODBC\DEBUG\ODBC.PDB
C:\psc\PSCBioOffice\ODBC\Debug\ODBC.write.1.tlog
C:\psc\PSCBioOffice\ODBC\Debug\ODBC_manifest.rc
C:\psc\PSCBioOffice\ODBC\Debug\rc.command.1.tlog
C:\psc\PSCBioOffice\ODBC\Debug\rc.read.1.tlog
C:\psc\PSCBioOffice\ODBC\Debug\rc.write.1.tlog
C:\psc\PSCBioOffice\ODBC\Debug\vc100.idb
C:\PSC\PSCBIOOFFICE\ODBC\DEBUG\VC100.PDB
