Build started 10/9/2015 7:07:39 PM.
     1>Project "C:\psc\PSCBioOffice\ODBC\ODBC.vcxproj" on node 2 (build target(s)).
     1>InitializeBuildStatus:
         Creating "Debug\ODBC.unsuccessfulbuild" because "AlwaysCreate" was specified.
       ClCompile:
         All outputs are up-to-date.
       ResourceCompile:
         All outputs are up-to-date.
       ManifestResourceCompile:
         C:\Program Files (x86)\Microsoft SDKs\Windows\v7.0A\bin\rc.exe /nologo /fo"Debug\ODBC.exe.embed.manifest.res" Debug\ODBC_manifest.rc 
       Link:
         C:\Program Files (x86)\Microsoft Visual Studio 10.0\VC\bin\link.exe /ERRORREPORT:PROMPT /OUT:"C:\psc\PSCBioOffice\ODBC\Debug\ODBC.exe" /INCREMENTAL /NOLOGO /LIBPATH:C:\psc\PSCBioOffice\ODBC\Debug "C:\Program Files\Microsoft SQL Server\110\SDK\Lib\x86\sqlncli11.lib" kernel32.lib user32.lib gdi32.lib winspool.lib comdlg32.lib advapi32.lib shell32.lib ole32.lib oleaut32.lib uuid.lib odbc32.lib odbccp32.lib /MANIFEST /ManifestFile:"Debug\ODBC.exe.intermediate.manifest" /MANIFESTUAC:"level='asInvoker' uiAccess='false'" /DEBUG /PDB:"C:\psc\PSCBioOffice\ODBC\Debug\ODBC.pdb" /TLBID:1 /DYNAMICBASE /NXCOMPAT /IMPLIB:"C:\psc\PSCBioOffice\ODBC\Debug\ODBC.lib" /MACHINE:X86 Debug\app.res
         Debug\ODBC.exe.embed.manifest.res
         Debug\Nomad.Data.obj
         Debug\ODBC.obj
       Manifest:
         C:\Program Files (x86)\Microsoft SDKs\Windows\v7.0A\bin\mt.exe /nologo /verbose /out:"Debug\ODBC.exe.embed.manifest" /manifest Debug\ODBC.exe.intermediate.manifest
         C:\Program Files (x86)\Microsoft SDKs\Windows\v7.0A\bin\rc.exe /nologo /fo"Debug\ODBC.exe.embed.manifest.res" Debug\ODBC_manifest.rc 
       LinkEmbedManifest:
         C:\Program Files (x86)\Microsoft Visual Studio 10.0\VC\bin\link.exe /ERRORREPORT:PROMPT /OUT:"C:\psc\PSCBioOffice\ODBC\Debug\ODBC.exe" /INCREMENTAL /NOLOGO /LIBPATH:C:\psc\PSCBioOffice\ODBC\Debug "C:\Program Files\Microsoft SQL Server\110\SDK\Lib\x86\sqlncli11.lib" kernel32.lib user32.lib gdi32.lib winspool.lib comdlg32.lib advapi32.lib shell32.lib ole32.lib oleaut32.lib uuid.lib odbc32.lib odbccp32.lib /MANIFEST /ManifestFile:"Debug\ODBC.exe.intermediate.manifest" /MANIFESTUAC:"level='asInvoker' uiAccess='false'" /DEBUG /PDB:"C:\psc\PSCBioOffice\ODBC\Debug\ODBC.pdb" /TLBID:1 /DYNAMICBASE /NXCOMPAT /IMPLIB:"C:\psc\PSCBioOffice\ODBC\Debug\ODBC.lib" /MACHINE:X86 Debug\app.res
         Debug\ODBC.exe.embed.manifest.res
         Debug\Nomad.Data.obj
         Debug\ODBC.obj
         ODBC.vcxproj -> C:\psc\PSCBioOffice\ODBC\Debug\ODBC.exe
       FinalizeBuildStatus:
         Deleting file "Debug\ODBC.unsuccessfulbuild".
         Touching "Debug\ODBC.lastbuildstate".
     1>Done Building Project "C:\psc\PSCBioOffice\ODBC\ODBC.vcxproj" (build target(s)).

Build succeeded.

Time Elapsed 00:00:00.44
