Build started 10/4/2015 8:54:30 PM.
     1>Project "C:\psc\PSCBioOffice\FingersExtractionMatching\FingersExtractionMatching.vcxproj" on node 2 (rebuild target(s)).
     1>_PrepareForClean:
         Deleting file "x64\Debug\Matcher.lastbuildstate".
       InitializeBuildStatus:
         Creating "x64\Debug\Matcher.unsuccessfulbuild" because "AlwaysCreate" was specified.
       ClCompile:
         C:\Program Files (x86)\Microsoft Visual Studio 10.0\VC\bin\x86_amd64\CL.exe /c /I"C:\Program Files (x86)\Neurotechnology\VeriFinger 6.2\Include\Windows" /Zi /nologo /W3 /WX- /Od /D WIN32 /D _DEBUG /D _CONSOLE /D _UNICODE /D UNICODE /Gm /EHsc /RTC1 /MTd /GS /fp:precise /Zc:wchar_t /Zc:forScope /Yc"StdAfx.h" /Fp"x64\Debug\Matcher.pch" /Fo"x64\Debug\\" /Fd"x64\Debug\vc100.pdb" /Gd /TP /errorReport:prompt stdafx.cpp
         stdafx.cpp
         C:\Program Files (x86)\Microsoft Visual Studio 10.0\VC\bin\x86_amd64\CL.exe /c /I"C:\Program Files (x86)\Neurotechnology\VeriFinger 6.2\Include\Windows" /Zi /nologo /W3 /WX- /Od /D WIN32 /D _DEBUG /D _CONSOLE /D _UNICODE /D UNICODE /Gm /EHsc /RTC1 /MTd /GS /fp:precise /Zc:wchar_t /Zc:forScope /Yu"StdAfx.h" /Fp"x64\Debug\Matcher.pch" /Fo"x64\Debug\\" /Fd"x64\Debug\vc100.pdb" /Gd /TP /errorReport:prompt Matcher.cpp
         Matcher.cpp
         C:\Program Files (x86)\Microsoft Visual Studio 10.0\VC\bin\x86_amd64\CL.exe /c /I"C:\Program Files (x86)\Neurotechnology\VeriFinger 6.2\Include\Windows" /Zi /nologo /W3 /WX- /Od /D WIN32 /D _DEBUG /D _CONSOLE /D _UNICODE /D UNICODE /Gm /EHsc /RTC1 /MTd /GS /fp:precise /Zc:wchar_t /Zc:forScope /Fo"x64\Debug\\" /Fd"x64\Debug\vc100.pdb" /Gd /TC /errorReport:prompt Utils.c
         Utils.c
       Lib:
         C:\Program Files (x86)\Microsoft Visual Studio 10.0\VC\bin\x86_amd64\Lib.exe /OUT:"C:\Program Files (x86)\Neurotechnology\VeriFinger 6.2\Bin\Win64_x64\Matcher.lib" /NOLOGO x64\Debug\Matcher.obj
         x64\Debug\stdafx.obj
         x64\Debug\Utils.obj
         FingersExtractionMatching.vcxproj -> C:\Program Files (x86)\Neurotechnology\VeriFinger 6.2\Bin\Win64_x64\Matcher.lib
       FinalizeBuildStatus:
         Deleting file "x64\Debug\Matcher.unsuccessfulbuild".
         Touching "x64\Debug\Matcher.lastbuildstate".
     1>Done Building Project "C:\psc\PSCBioOffice\FingersExtractionMatching\FingersExtractionMatching.vcxproj" (rebuild target(s)).

Build succeeded.

Time Elapsed 00:00:02.61
